<?xml version="1.0" encoding="UTF-8"?>
<!-- Generated by org.testng.reporters.JUnitReportReporter -->
<testsuite skipped="0" hostname="Rohit" name="radiobutton.Radio" tests="1" failures="0" timestamp="2023-03-13T12:29:41 IST" time="11.422" errors="0">
  <testcase name="setup" time="11.422" classname="radiobutton.Radio"/>
  <system-out/>
</testsuite> <!-- radiobutton.Radio -->
