<?xml version="1.0" encoding="UTF-8"?>
<!-- Generated by org.testng.reporters.JUnitReportReporter -->
<testsuite skipped="0" hostname="Rohit" name="testngEx.WebdriverEx" tests="2" failures="0" timestamp="2023-03-05T12:13:39 IST" time="21.631" errors="0">
  <testcase name="test01" time="6.080" classname="testngEx.WebdriverEx"/>
  <system-out/>
  <testcase name="test01" time="15.551" classname="testngEx.WebdriverEx"/>
  <system-out/>
</testsuite> <!-- testngEx.WebdriverEx -->
